<?xml version="1.0" encoding="utf-8"?><testsuites name="pytest tests"><testsuite name="pytest" errors="0" failures="0" skipped="0" tests="35" time="4.479" timestamp="2026-05-15T14:50:03.199017+00:00" hostname="agent-env-6ff77ad8-d4b0-4430-aa85-fca0a5b12724"><testcase classname="backend.tests.test_photo_gallery_api.TestHealth" name="test_root" time="0.309" /><testcase classname="backend.tests.test_photo_gallery_api.TestHealth" name="test_health" time="0.069" /><testcase classname="backend.tests.test_photo_gallery_api.TestPhotosAuthGating" name="test_list_photos_no_auth" time="0.145" /><testcase classname="backend.tests.test_photo_gallery_api.TestPhotosAuthGating" name="test_upload_url_no_auth_jpeg" time="0.114" /><testcase classname="backend.tests.test_photo_gallery_api.TestPhotosAuthGating" name="test_upload_url_no_auth_heic" time="0.108" /><testcase classname="backend.tests.test_photo_gallery_api.TestPhotosAuthGating" name="test_confirm_upload_no_auth" time="0.110" /><testcase classname="backend.tests.test_photo_gallery_api.TestPhotosAuthGating" name="test_delete_photo_no_auth" time="0.117" /><testcase classname="backend.tests.test_photo_gallery_api.TestPhotosAuthGating" name="test_download_url_no_auth" time="0.106" /><testcase classname="backend.tests.test_photo_gallery_api.TestPhotosAuthGating" name="test_patch_photo_album_no_auth" time="0.141" /><testcase classname="backend.tests.test_photo_gallery_api.TestPhotosAuthGating" name="test_me_no_auth" time="0.128" /><testcase classname="backend.tests.test_photo_gallery_api.TestPhotosAuthGating" name="test_list_photos_bad_bearer" time="0.142" /><testcase classname="backend.tests.test_photo_gallery_api.TestPhotosAuthGating" name="test_upload_url_bad_bearer" time="0.154" /><testcase classname="backend.tests.test_photo_gallery_api.TestPhotosQueryValidation" name="test_invalid_sort_by_unauth" time="0.106" /><testcase classname="backend.tests.test_photo_gallery_api.TestPhotosQueryValidation" name="test_invalid_order_unauth" time="0.105" /><testcase classname="backend.tests.test_photo_gallery_api.TestPhotosQueryValidation" name="test_limit_too_low_unauth" time="0.142" /><testcase classname="backend.tests.test_photo_gallery_api.TestPhotosQueryValidation" name="test_limit_too_high_unauth" time="0.113" /><testcase classname="backend.tests.test_photo_gallery_api.TestPhotosQueryValidation" name="test_limit_in_range_then_auth" time="0.210" /><testcase classname="backend.tests.test_photo_gallery_api.TestPhotosQueryValidation" name="test_cursor_param_accepted_in_schema" time="0.113" /><testcase classname="backend.tests.test_photo_gallery_api.TestAlbumsAuthGating" name="test_list_albums_no_auth" time="0.112" /><testcase classname="backend.tests.test_photo_gallery_api.TestAlbumsAuthGating" name="test_create_album_no_auth" time="0.125" /><testcase classname="backend.tests.test_photo_gallery_api.TestAlbumsAuthGating" name="test_delete_album_no_auth" time="0.139" /><testcase classname="backend.tests.test_photo_gallery_api.TestAlbumsBodyValidation" name="test_create_album_empty_name_unauth" time="0.108" /><testcase classname="backend.tests.test_photo_gallery_api.TestAlbumsBodyValidation" name="test_create_album_name_too_long_unauth" time="0.138" /><testcase classname="backend.tests.test_photo_gallery_api.TestAlbumsBodyValidation" name="test_create_album_missing_name_unauth" time="0.113" /><testcase classname="backend.tests.test_photo_gallery_api.TestOpenAPISchema" name="test_albums_routes_present" time="0.030" /><testcase classname="backend.tests.test_photo_gallery_api.TestOpenAPISchema" name="test_patch_photo_album_route_present" time="0.000" /><testcase classname="backend.tests.test_photo_gallery_api.TestOpenAPISchema" name="test_photo_page_schema" time="0.000" /><testcase classname="backend.tests.test_photo_gallery_api.TestOpenAPISchema" name="test_list_photos_response_is_photopage" time="0.000" /><testcase classname="backend.tests.test_photo_gallery_api.TestOpenAPISchema" name="test_list_photos_query_params" time="0.000" /><testcase classname="backend.tests.test_photo_gallery_api.TestOpenAPISchema" name="test_album_create_schema" time="0.000" /><testcase classname="backend.tests.test_photo_gallery_api.TestAuthEndpoints" name="test_signup_invalid_email" time="0.070" /><testcase classname="backend.tests.test_photo_gallery_api.TestAuthEndpoints" name="test_signup_weak_password" time="0.062" /><testcase classname="backend.tests.test_photo_gallery_api.TestAuthEndpoints" name="test_login_random_credentials" time="0.862" /><testcase classname="backend.tests.test_photo_gallery_api.TestCORS" name="test_cors_headers_on_preflight" time="0.071" /><testcase classname="backend.tests.test_photo_gallery_api.TestCORS" name="test_cors_headers_on_simple_request" time="0.116" /></testsuite></testsuites>